<?xml version="1.0" encoding="UTF-8"?>
<testng-results skipped="0" failed="0" total="1" passed="1">
  <reporter-output>
  </reporter-output>
  <suite name="Default suite" duration-ms="93" started-at="2019-07-22T06:10:13Z" finished-at="2019-07-22T06:10:13Z">
    <groups>
    </groups>
    <test name="Default test" duration-ms="93" started-at="2019-07-22T06:10:13Z" finished-at="2019-07-22T06:10:13Z">
      <class name="org.tyss.Demo">
        <test-method status="PASS" signature="DemoT()[pri:0, instance:org.tyss.Demo@48eff760]" name="DemoT" duration-ms="30" started-at="2019-07-21T23:10:13Z" finished-at="2019-07-21T23:10:13Z">
          <reporter-output>
          </reporter-output>
        </test-method> <!-- DemoT -->
      </class> <!-- org.tyss.Demo -->
    </test> <!-- Default test -->
  </suite> <!-- Default suite -->
</testng-results>
